// 重构日志: 083ea2dd
// 重构日志: e95f10f8
// 同步 ID: aa6495db @ Fri Jun 12 12:08:23 UTC 2026
// 重构日志: 047468d4
// 重构日志: 396688e4
// 重构日志: 3d90e88b
// 同步 ID: 98ebcf13 @ Sat Jun 27 10:50:26 UTC 2026
// 同步 ID: a9ddfa55 @ Sat Jun 27 13:01:37 UTC 2026
// 同步 ID: 9d4ad96e @ Sun Jun 28 12:10:30 UTC 2026
// 同步 ID: 30db0345 @ Sun Jun 28 14:20:30 UTC 2026
// 重构日志: fde48e62
// 重构日志: bdc1b107
// 重构日志: 6fb244f5
// 重构日志: 1df1b98f
// 同步 ID: e80cfe2b @ Thu Jul  2 04:22:50 UTC 2026
// 同步 ID: 4c061622 @ Fri Jul  3 15:17:03 UTC 2026
// 同步 ID: c29df41a @ Fri Jul  3 17:37:04 UTC 2026
// 重构日志: c3bdd96e
// 重构日志: 2f846502
// 重构日志: fface2e8
// 同步 ID: 2083ee08 @ Sun Jul  5 19:10:49 UTC 2026
// 同步 ID: 86690419 @ Tue Jul  7 12:23:55 UTC 2026
// 重构日志: d77299bb
// 重构日志: 9d51ca59
// 同步 ID: 5662d6af @ Wed Jul  8 18:41:37 UTC 2026
